{"C:\\Users\\carlo\\Documents\\Dev\\worker-shifts\\backend\\src\\index.ts": {"path":"C:\\Users\\carlo\\Documents\\Dev\\worker-shifts\\backend\\src\\index.ts","all":true,"statementMap":{"0":{"start":{"line":1,"column":0},"end":{"line":1,"column":22}},"1":{"start":{"line":2,"column":0},"end":{"line":2,"column":26}},"3":{"start":{"line":4,"column":0},"end":{"line":4,"column":37}},"5":{"start":{"line":6,"column":0},"end":{"line":6,"column":24}},"6":{"start":{"line":7,"column":0},"end":{"line":7,"column":62}},"7":{"start":{"line":8,"column":0},"end":{"line":8,"column":2}}},"s":{"0":0,"1":0,"3":0,"5":0,"6":0,"7":0},"branchMap":{"0":{"type":"branch","line":1,"loc":{"start":{"line":1,"column":0},"end":{"line":8,"column":-118}},"locations":[{"start":{"line":1,"column":0},"end":{"line":8,"column":-118}}]}},"b":{"0":[0]},"fnMap":{"0":{"name":"(empty-report)","decl":{"start":{"line":1,"column":0},"end":{"line":8,"column":-118}},"loc":{"start":{"line":1,"column":0},"end":{"line":8,"column":-118}},"line":1}},"f":{"0":0}}
,"C:\\Users\\carlo\\Documents\\Dev\\worker-shifts\\backend\\src\\server.ts": {"path":"C:\\Users\\carlo\\Documents\\Dev\\worker-shifts\\backend\\src\\server.ts","all":true,"statementMap":{"0":{"start":{"line":1,"column":0},"end":{"line":1,"column":23}},"1":{"start":{"line":2,"column":0},"end":{"line":2,"column":29}},"2":{"start":{"line":3,"column":0},"end":{"line":3,"column":22}},"3":{"start":{"line":4,"column":0},"end":{"line":4,"column":33}},"5":{"start":{"line":6,"column":0},"end":{"line":6,"column":21}},"6":{"start":{"line":7,"column":0},"end":{"line":7,"column":23}},"7":{"start":{"line":8,"column":0},"end":{"line":8,"column":8}},"8":{"start":{"line":9,"column":0},"end":{"line":9,"column":8}},"9":{"start":{"line":10,"column":0},"end":{"line":10,"column":35}},"10":{"start":{"line":11,"column":0},"end":{"line":11,"column":22}},"11":{"start":{"line":12,"column":0},"end":{"line":12,"column":5}},"12":{"start":{"line":13,"column":0},"end":{"line":13,"column":1}},"13":{"start":{"line":14,"column":0},"end":{"line":14,"column":15}},"15":{"start":{"line":16,"column":0},"end":{"line":16,"column":18}}},"s":{"0":0,"1":0,"2":0,"3":0,"5":0,"6":0,"7":0,"8":0,"9":0,"10":0,"11":0,"12":0,"13":0,"15":0},"branchMap":{"0":{"type":"branch","line":1,"loc":{"start":{"line":1,"column":293},"end":{"line":16,"column":18}},"locations":[{"start":{"line":1,"column":293},"end":{"line":16,"column":18}}]}},"b":{"0":[0]},"fnMap":{"0":{"name":"(empty-report)","decl":{"start":{"line":1,"column":293},"end":{"line":16,"column":18}},"loc":{"start":{"line":1,"column":293},"end":{"line":16,"column":18}},"line":1}},"f":{"0":0}}
,"C:\\Users\\carlo\\Documents\\Dev\\worker-shifts\\backend\\src\\lib\\prisma.ts": {"path":"C:\\Users\\carlo\\Documents\\Dev\\worker-shifts\\backend\\src\\lib\\prisma.ts","all":true,"statementMap":{"0":{"start":{"line":1,"column":0},"end":{"line":1,"column":45}},"2":{"start":{"line":3,"column":0},"end":{"line":3,"column":40}}},"s":{"0":0,"2":0},"branchMap":{"0":{"type":"branch","line":1,"loc":{"start":{"line":1,"column":89},"end":{"line":3,"column":40}},"locations":[{"start":{"line":1,"column":89},"end":{"line":3,"column":40}}]}},"b":{"0":[0]},"fnMap":{"0":{"name":"(empty-report)","decl":{"start":{"line":1,"column":89},"end":{"line":3,"column":40}},"loc":{"start":{"line":1,"column":89},"end":{"line":3,"column":40}},"line":1}},"f":{"0":0}}
,"C:\\Users\\carlo\\Documents\\Dev\\worker-shifts\\backend\\src\\modules\\user\\routes.ts": {"path":"C:\\Users\\carlo\\Documents\\Dev\\worker-shifts\\backend\\src\\modules\\user\\routes.ts","all":true,"statementMap":{"0":{"start":{"line":1,"column":0},"end":{"line":1,"column":32}},"1":{"start":{"line":2,"column":0},"end":{"line":2,"column":61}},"2":{"start":{"line":3,"column":0},"end":{"line":3,"column":61}},"3":{"start":{"line":4,"column":0},"end":{"line":4,"column":52}},"5":{"start":{"line":6,"column":0},"end":{"line":6,"column":27}},"7":{"start":{"line":8,"column":0},"end":{"line":8,"column":51}},"8":{"start":{"line":9,"column":0},"end":{"line":9,"column":54}},"10":{"start":{"line":11,"column":0},"end":{"line":11,"column":64}}},"s":{"0":0,"1":0,"2":0,"3":0,"5":0,"7":0,"8":0,"10":0},"branchMap":{"0":{"type":"branch","line":1,"loc":{"start":{"line":1,"column":447},"end":{"line":13,"column":21}},"locations":[{"start":{"line":1,"column":447},"end":{"line":13,"column":21}}]}},"b":{"0":[0]},"fnMap":{"0":{"name":"(empty-report)","decl":{"start":{"line":1,"column":447},"end":{"line":13,"column":21}},"loc":{"start":{"line":1,"column":447},"end":{"line":13,"column":21}},"line":1}},"f":{"0":0}}
,"C:\\Users\\carlo\\Documents\\Dev\\worker-shifts\\backend\\src\\modules\\user\\controller\\user.controller.ts": {"path":"C:\\Users\\carlo\\Documents\\Dev\\worker-shifts\\backend\\src\\modules\\user\\controller\\user.controller.ts","all":true,"statementMap":{"1":{"start":{"line":2,"column":0},"end":{"line":2,"column":62}},"4":{"start":{"line":5,"column":0},"end":{"line":5,"column":29}},"5":{"start":{"line":6,"column":0},"end":{"line":6,"column":59}},"7":{"start":{"line":8,"column":0},"end":{"line":8,"column":48}},"8":{"start":{"line":9,"column":0},"end":{"line":9,"column":59}},"10":{"start":{"line":11,"column":0},"end":{"line":11,"column":30}},"11":{"start":{"line":12,"column":0},"end":{"line":12,"column":64}},"12":{"start":{"line":13,"column":0},"end":{"line":13,"column":12}},"13":{"start":{"line":14,"column":0},"end":{"line":14,"column":5}},"15":{"start":{"line":16,"column":0},"end":{"line":16,"column":9}},"16":{"start":{"line":17,"column":0},"end":{"line":17,"column":69}},"17":{"start":{"line":18,"column":0},"end":{"line":18,"column":32}},"18":{"start":{"line":19,"column":0},"end":{"line":19,"column":21}},"19":{"start":{"line":20,"column":0},"end":{"line":20,"column":63}},"20":{"start":{"line":21,"column":0},"end":{"line":21,"column":5}},"21":{"start":{"line":22,"column":0},"end":{"line":22,"column":3}},"22":{"start":{"line":23,"column":0},"end":{"line":23,"column":1}}},"s":{"1":0,"4":0,"5":0,"7":0,"8":0,"10":0,"11":0,"12":0,"13":0,"15":0,"16":0,"17":0,"18":0,"19":0,"20":0,"21":0,"22":0},"branchMap":{"0":{"type":"branch","line":1,"loc":{"start":{"line":1,"column":718},"end":{"line":23,"column":1}},"locations":[{"start":{"line":1,"column":718},"end":{"line":23,"column":1}}]}},"b":{"0":[1]},"fnMap":{"0":{"name":"(empty-report)","decl":{"start":{"line":1,"column":718},"end":{"line":23,"column":1}},"loc":{"start":{"line":1,"column":718},"end":{"line":23,"column":1}},"line":1}},"f":{"0":1}}
,"C:\\Users\\carlo\\Documents\\Dev\\worker-shifts\\backend\\src\\modules\\user\\repository\\user.repository.ts": {"path":"C:\\Users\\carlo\\Documents\\Dev\\worker-shifts\\backend\\src\\modules\\user\\repository\\user.repository.ts","all":true,"statementMap":{"1":{"start":{"line":2,"column":0},"end":{"line":2,"column":37}},"8":{"start":{"line":9,"column":0},"end":{"line":9,"column":48}},"9":{"start":{"line":10,"column":0},"end":{"line":10,"column":33}},"10":{"start":{"line":11,"column":0},"end":{"line":11,"column":55}},"11":{"start":{"line":12,"column":0},"end":{"line":12,"column":4}},"13":{"start":{"line":14,"column":0},"end":{"line":14,"column":27}},"14":{"start":{"line":15,"column":0},"end":{"line":15,"column":39}},"15":{"start":{"line":16,"column":0},"end":{"line":16,"column":4}},"16":{"start":{"line":17,"column":0},"end":{"line":17,"column":1}}},"s":{"1":0,"8":0,"9":0,"10":0,"11":0,"13":0,"14":0,"15":0,"16":0},"branchMap":{"0":{"type":"branch","line":1,"loc":{"start":{"line":1,"column":468},"end":{"line":17,"column":1}},"locations":[{"start":{"line":1,"column":468},"end":{"line":17,"column":1}}]}},"b":{"0":[1]},"fnMap":{"0":{"name":"(empty-report)","decl":{"start":{"line":1,"column":468},"end":{"line":17,"column":1}},"loc":{"start":{"line":1,"column":468},"end":{"line":17,"column":1}},"line":1}},"f":{"0":1}}
,"C:\\Users\\carlo\\Documents\\Dev\\worker-shifts\\backend\\src\\modules\\user\\service\\user.service.ts": {"path":"C:\\Users\\carlo\\Documents\\Dev\\worker-shifts\\backend\\src\\modules\\user\\service\\user.service.ts","all":false,"statementMap":{"0":{"start":{"line":1,"column":0},"end":{"line":1,"column":29}},"5":{"start":{"line":6,"column":0},"end":{"line":6,"column":26}},"6":{"start":{"line":7,"column":0},"end":{"line":7,"column":66}},"8":{"start":{"line":9,"column":0},"end":{"line":9,"column":57}},"9":{"start":{"line":10,"column":0},"end":{"line":10,"column":74}},"11":{"start":{"line":12,"column":0},"end":{"line":12,"column":23}},"12":{"start":{"line":13,"column":0},"end":{"line":13,"column":46}},"13":{"start":{"line":14,"column":0},"end":{"line":14,"column":5}},"15":{"start":{"line":16,"column":0},"end":{"line":16,"column":63}},"17":{"start":{"line":18,"column":0},"end":{"line":18,"column":54}},"18":{"start":{"line":19,"column":0},"end":{"line":19,"column":14}},"19":{"start":{"line":20,"column":0},"end":{"line":20,"column":31}},"20":{"start":{"line":21,"column":0},"end":{"line":21,"column":6}},"21":{"start":{"line":22,"column":0},"end":{"line":22,"column":18}},"22":{"start":{"line":23,"column":0},"end":{"line":23,"column":3}},"23":{"start":{"line":24,"column":0},"end":{"line":24,"column":1}}},"s":{"0":1,"5":1,"6":1,"8":1,"9":2,"11":2,"12":1,"13":1,"15":1,"17":1,"18":1,"19":1,"20":1,"21":1,"22":2,"23":1},"branchMap":{"0":{"type":"branch","line":7,"loc":{"start":{"line":7,"column":2},"end":{"line":7,"column":66}},"locations":[{"start":{"line":7,"column":2},"end":{"line":7,"column":66}}]},"1":{"type":"branch","line":9,"loc":{"start":{"line":9,"column":2},"end":{"line":23,"column":3}},"locations":[{"start":{"line":9,"column":2},"end":{"line":23,"column":3}}]},"2":{"type":"branch","line":12,"loc":{"start":{"line":12,"column":22},"end":{"line":22,"column":18}},"locations":[{"start":{"line":12,"column":22},"end":{"line":22,"column":18}}]}},"b":{"0":[2],"1":[2],"2":[1]},"fnMap":{"0":{"name":"UserService","decl":{"start":{"line":7,"column":2},"end":{"line":7,"column":66}},"loc":{"start":{"line":7,"column":2},"end":{"line":7,"column":66}},"line":7},"1":{"name":"createUser","decl":{"start":{"line":9,"column":2},"end":{"line":23,"column":3}},"loc":{"start":{"line":9,"column":2},"end":{"line":23,"column":3}},"line":9}},"f":{"0":2,"1":2}}
,"C:\\Users\\carlo\\Documents\\Dev\\worker-shifts\\backend\\src\\routes\\index.ts": {"path":"C:\\Users\\carlo\\Documents\\Dev\\worker-shifts\\backend\\src\\routes\\index.ts","all":true,"statementMap":{"0":{"start":{"line":1,"column":0},"end":{"line":1,"column":32}},"1":{"start":{"line":2,"column":0},"end":{"line":2,"column":50}},"3":{"start":{"line":4,"column":0},"end":{"line":4,"column":30}},"4":{"start":{"line":5,"column":0},"end":{"line":5,"column":36}}},"s":{"0":0,"1":0,"3":0,"4":0},"branchMap":{"0":{"type":"branch","line":1,"loc":{"start":{"line":1,"column":156},"end":{"line":5,"column":36}},"locations":[{"start":{"line":1,"column":156},"end":{"line":5,"column":36}}]}},"b":{"0":[0]},"fnMap":{"0":{"name":"(empty-report)","decl":{"start":{"line":1,"column":156},"end":{"line":5,"column":36}},"loc":{"start":{"line":1,"column":156},"end":{"line":5,"column":36}},"line":1}},"f":{"0":0}}
,"C:\\Users\\carlo\\Documents\\Dev\\worker-shifts\\backend\\src\\types\\user.ts": {"path":"C:\\Users\\carlo\\Documents\\Dev\\worker-shifts\\backend\\src\\types\\user.ts","all":true,"statementMap":{},"s":{},"branchMap":{"0":{"type":"branch","line":1,"loc":{"start":{"line":1,"column":80},"end":{"line":5,"column":1}},"locations":[{"start":{"line":1,"column":80},"end":{"line":5,"column":1}}]}},"b":{"0":[1]},"fnMap":{"0":{"name":"(empty-report)","decl":{"start":{"line":1,"column":80},"end":{"line":5,"column":1}},"loc":{"start":{"line":1,"column":80},"end":{"line":5,"column":1}},"line":1}},"f":{"0":1}}
,"C:\\Users\\carlo\\Documents\\Dev\\worker-shifts\\backend\\src\\types\\dtos\\createUser.dto.ts": {"path":"C:\\Users\\carlo\\Documents\\Dev\\worker-shifts\\backend\\src\\types\\dtos\\createUser.dto.ts","all":true,"statementMap":{"0":{"start":{"line":1,"column":0},"end":{"line":1,"column":23}},"2":{"start":{"line":3,"column":0},"end":{"line":3,"column":42}},"3":{"start":{"line":4,"column":0},"end":{"line":4,"column":48}},"4":{"start":{"line":5,"column":0},"end":{"line":5,"column":45}},"5":{"start":{"line":6,"column":0},"end":{"line":6,"column":73}},"6":{"start":{"line":7,"column":0},"end":{"line":7,"column":2}}},"s":{"0":0,"2":0,"3":0,"4":0,"5":0,"6":0},"branchMap":{"0":{"type":"branch","line":1,"loc":{"start":{"line":1,"column":309},"end":{"line":9,"column":60}},"locations":[{"start":{"line":1,"column":309},"end":{"line":9,"column":60}}]}},"b":{"0":[0]},"fnMap":{"0":{"name":"(empty-report)","decl":{"start":{"line":1,"column":309},"end":{"line":9,"column":60}},"loc":{"start":{"line":1,"column":309},"end":{"line":9,"column":60}},"line":1}},"f":{"0":0}}
}
